2023-10-16 11:38:31.2428 INFO Entering BibleApp.Controllers.HomeController.Index (BibleApp)
2023-10-16 11:38:31.3015 INFO Exiting BibleApp.Controllers.HomeController.Index (BibleApp)
2023-10-16 11:38:37.4090 INFO Entering BibleApp.Controllers.BibleController.VerseOfTheDay (BibleApp)
2023-10-16 11:38:38.9664 INFO Exiting BibleApp.Controllers.BibleController.VerseOfTheDay (BibleApp)
2023-10-16 11:38:43.4332 INFO Entering BibleApp.Controllers.BibleController.FavoriteVerse (BibleApp)
2023-10-16 11:38:43.5105 INFO Exiting BibleApp.Controllers.BibleController.FavoriteVerse (BibleApp)
2023-10-16 11:39:43.6995 INFO Entering BibleApp.Controllers.BibleController.FavoritesForm (BibleApp)
2023-10-16 11:39:43.6995 INFO Exiting BibleApp.Controllers.BibleController.FavoritesForm (BibleApp)
2023-10-16 11:39:46.4194 INFO Entering BibleApp.Controllers.BibleController.VerseOfTheDay (BibleApp)
2023-10-16 11:39:46.4368 INFO Exiting BibleApp.Controllers.BibleController.VerseOfTheDay (BibleApp)
2023-10-16 15:57:45.2397 INFO Entering BibleApp.Controllers.HomeController.Index (BibleApp)
2023-10-16 15:57:45.2988 INFO Exiting BibleApp.Controllers.HomeController.Index (BibleApp)
2023-10-16 15:57:47.8931 INFO Entering Milestone.Controllers.LoginController.Index (BibleApp)
2023-10-16 15:57:47.8931 INFO Exiting Milestone.Controllers.LoginController.Index (BibleApp)
2023-10-16 15:57:54.2975 INFO Entering Milestone.Controllers.LoginController.ProcessLogin (BibleApp)
2023-10-16 15:57:55.8426 INFO Login Success
2023-10-16 15:57:55.8426 INFO Exiting Milestone.Controllers.LoginController.ProcessLogin (BibleApp)
2023-10-16 15:58:00.6971 INFO Entering BibleApp.Controllers.BibleController.FavoritesForm (BibleApp)
2023-10-16 15:58:00.7811 INFO Exiting BibleApp.Controllers.BibleController.FavoritesForm (BibleApp)
2023-10-16 15:58:02.7610 INFO Entering BibleApp.Controllers.BibleController.SearchForm (BibleApp)
2023-10-16 15:58:02.7610 INFO Exiting BibleApp.Controllers.BibleController.SearchForm (BibleApp)
2023-10-16 15:58:06.1552 INFO Entering BibleApp.Controllers.BibleController.SearchResults (BibleApp)
2023-10-16 15:58:06.5568 INFO Exiting BibleApp.Controllers.BibleController.SearchResults (BibleApp)
2023-10-16 15:58:08.7943 INFO Entering BibleApp.Controllers.BibleController.UnfavoriteVerse (BibleApp)
2023-10-16 15:58:09.2725 INFO Exiting BibleApp.Controllers.BibleController.UnfavoriteVerse (BibleApp)
2023-10-16 15:58:21.8652 INFO Entering BibleApp.Controllers.BibleController.UnfavoriteVerse (BibleApp)
2023-10-16 15:58:22.2867 INFO Exiting BibleApp.Controllers.BibleController.UnfavoriteVerse (BibleApp)
2023-10-16 15:59:34.9226 INFO Entering BibleApp.Controllers.HomeController.Index (BibleApp)
2023-10-16 15:59:34.9852 INFO Exiting BibleApp.Controllers.HomeController.Index (BibleApp)
2023-10-16 16:01:04.4240 INFO Entering BibleApp.Controllers.HomeController.Index (BibleApp)
2023-10-16 16:01:04.4857 INFO Exiting BibleApp.Controllers.HomeController.Index (BibleApp)
2023-10-16 16:01:06.0557 INFO Entering Milestone.Controllers.LoginController.Index (BibleApp)
2023-10-16 16:01:06.0557 INFO Exiting Milestone.Controllers.LoginController.Index (BibleApp)
2023-10-16 16:01:11.5263 INFO Entering Milestone.Controllers.LoginController.ProcessLogin (BibleApp)
2023-10-16 16:01:11.8975 INFO Login Success
2023-10-16 16:01:11.8975 INFO Exiting Milestone.Controllers.LoginController.ProcessLogin (BibleApp)
2023-10-16 16:01:14.5701 INFO Entering BibleApp.Controllers.BibleController.SearchForm (BibleApp)
2023-10-16 16:01:14.5701 INFO Exiting BibleApp.Controllers.BibleController.SearchForm (BibleApp)
2023-10-16 16:01:18.7842 INFO Entering BibleApp.Controllers.BibleController.SearchResults (BibleApp)
2023-10-16 16:01:19.2480 INFO Exiting BibleApp.Controllers.BibleController.SearchResults (BibleApp)
2023-10-16 16:01:21.4821 INFO Entering BibleApp.Controllers.BibleController.UnfavoriteVerse (BibleApp)
2023-10-16 16:02:35.1188 INFO Entering BibleApp.Controllers.HomeController.Index (BibleApp)
2023-10-16 16:02:35.1813 INFO Exiting BibleApp.Controllers.HomeController.Index (BibleApp)
2023-10-16 16:02:40.3718 INFO Entering BibleApp.Controllers.BibleController.SearchForm (BibleApp)
2023-10-16 16:02:40.3718 INFO Exiting BibleApp.Controllers.BibleController.SearchForm (BibleApp)
2023-10-16 16:02:43.3754 INFO Entering BibleApp.Controllers.BibleController.SearchResults (BibleApp)
2023-10-16 16:02:44.1787 INFO Exiting BibleApp.Controllers.BibleController.SearchResults (BibleApp)
2023-10-16 16:02:47.7148 INFO Entering BibleApp.Controllers.BibleController.FavoriteVerse (BibleApp)
2023-10-16 16:03:01.6385 INFO Entering BibleApp.Controllers.HomeController.Index (BibleApp)
2023-10-16 16:03:01.7034 INFO Exiting BibleApp.Controllers.HomeController.Index (BibleApp)
2023-10-16 16:03:04.0565 INFO Entering BibleApp.Controllers.BibleController.SearchForm (BibleApp)
2023-10-16 16:03:04.0565 INFO Exiting BibleApp.Controllers.BibleController.SearchForm (BibleApp)
2023-10-16 16:03:07.1070 INFO Entering BibleApp.Controllers.BibleController.SearchResults (BibleApp)
2023-10-16 16:03:07.9189 INFO Exiting BibleApp.Controllers.BibleController.SearchResults (BibleApp)
2023-10-16 16:03:12.0901 INFO Entering Milestone.Controllers.LoginController.Index (BibleApp)
2023-10-16 16:03:12.0901 INFO Exiting Milestone.Controllers.LoginController.Index (BibleApp)
2023-10-16 16:03:18.8271 INFO Entering Milestone.Controllers.LoginController.ProcessLogin (BibleApp)
2023-10-16 16:03:18.8271 INFO Login Success
2023-10-16 16:03:18.8271 INFO Exiting Milestone.Controllers.LoginController.ProcessLogin (BibleApp)
2023-10-16 16:03:22.5208 INFO Entering BibleApp.Controllers.BibleController.SearchForm (BibleApp)
2023-10-16 16:03:22.5208 INFO Exiting BibleApp.Controllers.BibleController.SearchForm (BibleApp)
2023-10-16 16:03:24.9601 INFO Entering BibleApp.Controllers.BibleController.SearchResults (BibleApp)
2023-10-16 16:03:25.3548 INFO Exiting BibleApp.Controllers.BibleController.SearchResults (BibleApp)
2023-10-16 16:03:27.3954 INFO Entering BibleApp.Controllers.BibleController.UnfavoriteVerse (BibleApp)
2023-10-16 16:05:14.0474 INFO Entering BibleApp.Controllers.HomeController.Index (BibleApp)
2023-10-16 16:05:14.1094 INFO Exiting BibleApp.Controllers.HomeController.Index (BibleApp)
2023-10-16 16:05:16.3504 INFO Entering BibleApp.Controllers.BibleController.SearchForm (BibleApp)
2023-10-16 16:05:16.3504 INFO Exiting BibleApp.Controllers.BibleController.SearchForm (BibleApp)
2023-10-16 16:05:17.8816 INFO Entering Milestone.Controllers.LoginController.Index (BibleApp)
2023-10-16 16:05:17.8816 INFO Exiting Milestone.Controllers.LoginController.Index (BibleApp)
2023-10-16 16:05:23.6100 INFO Entering Milestone.Controllers.LoginController.ProcessLogin (BibleApp)
2023-10-16 16:05:23.9773 INFO Login Success
2023-10-16 16:05:23.9773 INFO Exiting Milestone.Controllers.LoginController.ProcessLogin (BibleApp)
2023-10-16 16:05:26.5295 INFO Entering BibleApp.Controllers.BibleController.SearchForm (BibleApp)
2023-10-16 16:05:26.5295 INFO Exiting BibleApp.Controllers.BibleController.SearchForm (BibleApp)
2023-10-16 16:05:29.0658 INFO Entering BibleApp.Controllers.BibleController.SearchResults (BibleApp)
2023-10-16 16:05:29.5310 INFO Exiting BibleApp.Controllers.BibleController.SearchResults (BibleApp)
2023-10-16 16:05:47.2586 INFO Entering BibleApp.Controllers.BibleController.UnfavoriteVerse (BibleApp)
2023-10-16 16:06:36.6728 INFO Exiting BibleApp.Controllers.BibleController.UnfavoriteVerse (BibleApp)
2023-10-16 16:06:55.4305 INFO Entering BibleApp.Controllers.HomeController.Index (BibleApp)
2023-10-16 16:06:55.4947 INFO Exiting BibleApp.Controllers.HomeController.Index (BibleApp)
2023-10-16 16:06:57.1669 INFO Entering BibleApp.Controllers.BibleController.SearchForm (BibleApp)
2023-10-16 16:06:57.1671 INFO Exiting BibleApp.Controllers.BibleController.SearchForm (BibleApp)
2023-10-16 16:07:00.7803 INFO Entering BibleApp.Controllers.BibleController.SearchResults (BibleApp)
2023-10-16 16:07:01.5800 INFO Exiting BibleApp.Controllers.BibleController.SearchResults (BibleApp)
2023-10-16 16:08:12.6900 INFO Entering BibleApp.Controllers.HomeController.Index (BibleApp)
2023-10-16 16:08:12.7530 INFO Exiting BibleApp.Controllers.HomeController.Index (BibleApp)
2023-10-16 16:08:21.4475 INFO Entering BibleApp.Controllers.BibleController.SearchForm (BibleApp)
2023-10-16 16:08:21.4475 INFO Exiting BibleApp.Controllers.BibleController.SearchForm (BibleApp)
2023-10-16 16:08:24.2290 INFO Entering BibleApp.Controllers.BibleController.SearchResults (BibleApp)
2023-10-16 16:09:10.8067 INFO Entering BibleApp.Controllers.HomeController.Index (BibleApp)
2023-10-16 16:09:10.8702 INFO Exiting BibleApp.Controllers.HomeController.Index (BibleApp)
2023-10-16 16:09:13.2242 INFO Entering BibleApp.Controllers.BibleController.SearchForm (BibleApp)
2023-10-16 16:09:13.2242 INFO Exiting BibleApp.Controllers.BibleController.SearchForm (BibleApp)
2023-10-16 16:09:17.3318 INFO Entering Milestone.Controllers.LoginController.Index (BibleApp)
2023-10-16 16:09:17.3318 INFO Exiting Milestone.Controllers.LoginController.Index (BibleApp)
2023-10-16 16:09:23.1800 INFO Entering Milestone.Controllers.LoginController.ProcessLogin (BibleApp)
2023-10-16 16:09:23.5478 INFO Login Success
2023-10-16 16:09:23.5478 INFO Exiting Milestone.Controllers.LoginController.ProcessLogin (BibleApp)
2023-10-16 16:09:26.1565 INFO Entering BibleApp.Controllers.BibleController.SearchForm (BibleApp)
2023-10-16 16:09:26.1565 INFO Exiting BibleApp.Controllers.BibleController.SearchForm (BibleApp)
2023-10-16 16:09:30.2902 INFO Entering BibleApp.Controllers.BibleController.SearchResults (BibleApp)
2023-10-16 16:09:33.9067 INFO Exiting BibleApp.Controllers.BibleController.SearchResults (BibleApp)
2023-10-16 16:10:09.9829 INFO Entering BibleApp.Controllers.HomeController.Index (BibleApp)
2023-10-16 16:10:10.0439 INFO Exiting BibleApp.Controllers.HomeController.Index (BibleApp)
2023-10-16 16:10:11.7772 INFO Entering BibleApp.Controllers.BibleController.SearchForm (BibleApp)
2023-10-16 16:10:11.7772 INFO Exiting BibleApp.Controllers.BibleController.SearchForm (BibleApp)
2023-10-16 16:10:14.9159 INFO Entering Milestone.Controllers.LoginController.Index (BibleApp)
2023-10-16 16:10:14.9159 INFO Exiting Milestone.Controllers.LoginController.Index (BibleApp)
2023-10-16 16:10:20.7153 INFO Entering Milestone.Controllers.LoginController.ProcessLogin (BibleApp)
2023-10-16 16:10:21.0839 INFO Login Success
2023-10-16 16:10:21.0839 INFO Exiting Milestone.Controllers.LoginController.ProcessLogin (BibleApp)
2023-10-16 16:10:23.6327 INFO Entering BibleApp.Controllers.BibleController.SearchForm (BibleApp)
2023-10-16 16:10:23.6327 INFO Exiting BibleApp.Controllers.BibleController.SearchForm (BibleApp)
2023-10-16 16:10:27.8596 INFO Entering BibleApp.Controllers.BibleController.SearchResults (BibleApp)
2023-10-16 16:11:05.6335 INFO Entering BibleApp.Controllers.HomeController.Index (BibleApp)
2023-10-16 16:11:05.6977 INFO Exiting BibleApp.Controllers.HomeController.Index (BibleApp)
2023-10-16 16:11:07.5622 INFO Entering BibleApp.Controllers.BibleController.SearchForm (BibleApp)
2023-10-16 16:11:07.5622 INFO Exiting BibleApp.Controllers.BibleController.SearchForm (BibleApp)
2023-10-16 16:11:11.0186 INFO Entering BibleApp.Controllers.BibleController.SearchResults (BibleApp)
2023-10-16 16:11:19.7923 INFO Exiting BibleApp.Controllers.BibleController.SearchResults (BibleApp)
2023-10-16 16:11:30.8819 INFO Entering Milestone.Controllers.LoginController.Index (BibleApp)
2023-10-16 16:11:30.8819 INFO Exiting Milestone.Controllers.LoginController.Index (BibleApp)
2023-10-16 16:11:36.4168 INFO Entering Milestone.Controllers.LoginController.ProcessLogin (BibleApp)
2023-10-16 16:11:36.4207 INFO Login Success
2023-10-16 16:11:36.4207 INFO Exiting Milestone.Controllers.LoginController.ProcessLogin (BibleApp)
2023-10-16 16:11:40.2789 INFO Entering BibleApp.Controllers.BibleController.SearchForm (BibleApp)
2023-10-16 16:11:40.2789 INFO Exiting BibleApp.Controllers.BibleController.SearchForm (BibleApp)
2023-10-16 16:11:44.9936 INFO Entering BibleApp.Controllers.BibleController.SearchResults (BibleApp)
2023-10-16 16:11:47.8656 INFO Exiting BibleApp.Controllers.BibleController.SearchResults (BibleApp)
2023-10-16 16:11:52.1462 INFO Entering BibleApp.Controllers.BibleController.FavoriteVerse (BibleApp)
2023-10-16 16:11:58.4707 INFO Exiting BibleApp.Controllers.BibleController.FavoriteVerse (BibleApp)
2023-10-16 16:12:03.0759 INFO Entering BibleApp.Controllers.BibleController.UnfavoriteVerse (BibleApp)
2023-10-16 16:12:14.2110 INFO Exiting BibleApp.Controllers.BibleController.UnfavoriteVerse (BibleApp)
2023-10-16 16:21:19.5518 INFO Entering BibleApp.Controllers.HomeController.Index (BibleApp)
2023-10-16 16:21:19.6135 INFO Exiting BibleApp.Controllers.HomeController.Index (BibleApp)
2023-10-16 16:26:40.1971 INFO Entering BibleApp.Controllers.HomeController.Index (BibleApp)
2023-10-16 16:26:40.2587 INFO Exiting BibleApp.Controllers.HomeController.Index (BibleApp)
2023-10-16 16:27:58.6903 INFO Entering BibleApp.Controllers.HomeController.Index (BibleApp)
2023-10-16 16:27:58.7523 INFO Exiting BibleApp.Controllers.HomeController.Index (BibleApp)
2023-10-16 16:28:33.0214 INFO Entering BibleApp.Controllers.HomeController.Index (BibleApp)
2023-10-16 16:28:33.0842 INFO Exiting BibleApp.Controllers.HomeController.Index (BibleApp)
2023-10-16 16:28:58.5309 INFO Entering BibleApp.Controllers.HomeController.Index (BibleApp)
2023-10-16 16:28:58.5941 INFO Exiting BibleApp.Controllers.HomeController.Index (BibleApp)
2023-10-16 16:29:36.9782 INFO Entering BibleApp.Controllers.HomeController.Index (BibleApp)
2023-10-16 16:29:37.0422 INFO Exiting BibleApp.Controllers.HomeController.Index (BibleApp)
2023-10-16 16:31:20.1437 INFO Entering BibleApp.Controllers.HomeController.Index (BibleApp)
2023-10-16 16:31:20.2124 INFO Exiting BibleApp.Controllers.HomeController.Index (BibleApp)
2023-10-16 16:31:24.6068 INFO Entering BibleApp.Controllers.BibleController.FavoritesForm (BibleApp)
2023-10-16 16:31:25.0463 INFO Exiting BibleApp.Controllers.BibleController.FavoritesForm (BibleApp)
2023-10-16 16:31:51.5381 INFO Entering BibleApp.Controllers.HomeController.Index (BibleApp)
2023-10-16 16:31:51.5997 INFO Exiting BibleApp.Controllers.HomeController.Index (BibleApp)
2023-10-16 16:32:14.4485 INFO Entering BibleApp.Controllers.HomeController.Index (BibleApp)
2023-10-16 16:32:14.5136 INFO Exiting BibleApp.Controllers.HomeController.Index (BibleApp)
2023-10-16 16:32:16.2579 INFO Entering BibleApp.Controllers.BibleController.FavoritesForm (BibleApp)
2023-10-16 16:32:16.6973 INFO Exiting BibleApp.Controllers.BibleController.FavoritesForm (BibleApp)
2023-10-16 16:33:27.3418 INFO Entering BibleApp.Controllers.HomeController.Index (BibleApp)
2023-10-16 16:33:27.4060 INFO Exiting BibleApp.Controllers.HomeController.Index (BibleApp)
2023-10-16 16:33:54.3836 INFO Entering BibleApp.Controllers.HomeController.Index (BibleApp)
2023-10-16 16:33:54.4480 INFO Exiting BibleApp.Controllers.HomeController.Index (BibleApp)
2023-10-16 16:35:22.4508 INFO Entering BibleApp.Controllers.HomeController.Index (BibleApp)
2023-10-16 16:35:22.5169 INFO Exiting BibleApp.Controllers.HomeController.Index (BibleApp)
2023-10-16 16:35:48.7722 INFO Entering BibleApp.Controllers.HomeController.Index (BibleApp)
2023-10-16 16:35:48.8340 INFO Exiting BibleApp.Controllers.HomeController.Index (BibleApp)
2023-10-16 16:36:12.3304 INFO Entering BibleApp.Controllers.HomeController.Index (BibleApp)
2023-10-16 16:36:12.3941 INFO Exiting BibleApp.Controllers.HomeController.Index (BibleApp)
2023-10-16 16:37:30.2788 INFO Entering BibleApp.Controllers.HomeController.Index (BibleApp)
2023-10-16 16:37:30.3442 INFO Exiting BibleApp.Controllers.HomeController.Index (BibleApp)
2023-10-16 16:37:58.2138 INFO Entering BibleApp.Controllers.HomeController.Index (BibleApp)
2023-10-16 16:37:58.2759 INFO Exiting BibleApp.Controllers.HomeController.Index (BibleApp)
2023-10-16 16:38:55.1627 INFO Entering BibleApp.Controllers.HomeController.Index (BibleApp)
2023-10-16 16:38:55.2244 INFO Exiting BibleApp.Controllers.HomeController.Index (BibleApp)
2023-10-16 16:39:00.5269 INFO Entering BibleApp.Controllers.HomeController.Index (BibleApp)
2023-10-16 16:39:00.5269 INFO Exiting BibleApp.Controllers.HomeController.Index (BibleApp)
2023-10-16 16:39:33.3322 INFO Entering BibleApp.Controllers.HomeController.Index (BibleApp)
2023-10-16 16:39:33.3975 INFO Exiting BibleApp.Controllers.HomeController.Index (BibleApp)
2023-10-16 16:39:54.8831 INFO Entering BibleApp.Controllers.BibleController.SearchForm (BibleApp)
2023-10-16 16:39:54.8831 INFO Exiting BibleApp.Controllers.BibleController.SearchForm (BibleApp)
2023-10-16 16:40:01.0761 INFO Entering BibleApp.Controllers.HomeController.Index (BibleApp)
2023-10-16 16:40:01.0761 INFO Exiting BibleApp.Controllers.HomeController.Index (BibleApp)
2023-10-16 16:40:07.7839 INFO Entering BibleApp.Controllers.HomeController.Index (BibleApp)
2023-10-16 16:40:07.7839 INFO Exiting BibleApp.Controllers.HomeController.Index (BibleApp)
2023-10-16 16:41:34.2719 INFO Entering BibleApp.Controllers.HomeController.Index (BibleApp)
2023-10-16 16:41:34.3449 INFO Exiting BibleApp.Controllers.HomeController.Index (BibleApp)
2023-10-16 16:41:41.1478 INFO Entering BibleApp.Controllers.HomeController.Index (BibleApp)
2023-10-16 16:41:41.1478 INFO Exiting BibleApp.Controllers.HomeController.Index (BibleApp)
2023-10-16 16:44:21.0644 INFO Entering BibleApp.Controllers.HomeController.Index (BibleApp)
2023-10-16 16:44:21.1265 INFO Exiting BibleApp.Controllers.HomeController.Index (BibleApp)
2023-10-16 16:46:08.1146 INFO Entering BibleApp.Controllers.HomeController.Index (BibleApp)
2023-10-16 16:46:08.1830 INFO Exiting BibleApp.Controllers.HomeController.Index (BibleApp)
2023-10-16 16:46:09.8861 INFO Entering BibleApp.Controllers.HomeController.Index (BibleApp)
2023-10-16 16:46:09.8862 INFO Exiting BibleApp.Controllers.HomeController.Index (BibleApp)
2023-10-16 16:46:13.2071 INFO Entering BibleApp.Controllers.BibleController.SearchForm (BibleApp)
2023-10-16 16:46:13.2071 INFO Exiting BibleApp.Controllers.BibleController.SearchForm (BibleApp)
2023-10-16 16:47:12.3581 INFO Entering BibleApp.Controllers.HomeController.Index (BibleApp)
2023-10-16 16:47:12.4221 INFO Exiting BibleApp.Controllers.HomeController.Index (BibleApp)
2023-10-16 16:47:15.0348 INFO Entering BibleApp.Controllers.BibleController.FavoritesForm (BibleApp)
2023-10-16 16:47:15.4805 INFO Exiting BibleApp.Controllers.BibleController.FavoritesForm (BibleApp)
2023-10-16 16:47:59.3549 INFO Entering BibleApp.Controllers.HomeController.Index (BibleApp)
2023-10-16 16:47:59.4174 INFO Exiting BibleApp.Controllers.HomeController.Index (BibleApp)
2023-10-16 16:48:31.2411 INFO Entering BibleApp.Controllers.HomeController.Index (BibleApp)
2023-10-16 16:48:31.3061 INFO Exiting BibleApp.Controllers.HomeController.Index (BibleApp)
2023-10-16 16:49:17.5414 INFO Entering BibleApp.Controllers.HomeController.Index (BibleApp)
2023-10-16 16:49:17.6105 INFO Exiting BibleApp.Controllers.HomeController.Index (BibleApp)
2023-10-16 16:49:22.7187 INFO Entering Milestone.Controllers.LoginController.Index (BibleApp)
2023-10-16 16:49:22.7187 INFO Exiting Milestone.Controllers.LoginController.Index (BibleApp)
2023-10-16 16:49:24.5228 INFO Entering BibleApp.Controllers.HomeController.Index (BibleApp)
2023-10-16 16:49:24.5228 INFO Exiting BibleApp.Controllers.HomeController.Index (BibleApp)
2023-10-16 16:49:47.6331 INFO Entering BibleApp.Controllers.HomeController.Index (BibleApp)
2023-10-16 16:49:47.6949 INFO Exiting BibleApp.Controllers.HomeController.Index (BibleApp)
2023-10-16 16:49:50.5932 INFO Entering Milestone.Controllers.LoginController.Index (BibleApp)
2023-10-16 16:49:50.5932 INFO Exiting Milestone.Controllers.LoginController.Index (BibleApp)
2023-10-16 16:50:18.9736 INFO Entering BibleApp.Controllers.HomeController.Index (BibleApp)
2023-10-16 16:50:19.0360 INFO Exiting BibleApp.Controllers.HomeController.Index (BibleApp)
2023-10-16 16:50:22.9812 INFO Entering Milestone.Controllers.RegisterController.Index (BibleApp)
2023-10-16 16:50:22.9812 INFO Exiting Milestone.Controllers.RegisterController.Index (BibleApp)
2023-10-16 16:50:25.8616 INFO Entering Milestone.Controllers.LoginController.Index (BibleApp)
2023-10-16 16:50:25.8616 INFO Exiting Milestone.Controllers.LoginController.Index (BibleApp)
2023-10-16 16:50:29.3227 INFO Entering BibleApp.Controllers.BibleController.SearchForm (BibleApp)
2023-10-16 16:50:29.3227 INFO Exiting BibleApp.Controllers.BibleController.SearchForm (BibleApp)
2023-10-16 16:50:55.6386 INFO Entering BibleApp.Controllers.HomeController.Index (BibleApp)
2023-10-16 16:50:55.7003 INFO Exiting BibleApp.Controllers.HomeController.Index (BibleApp)
2023-10-16 16:52:04.9202 INFO Entering BibleApp.Controllers.HomeController.Index (BibleApp)
2023-10-16 16:52:04.9834 INFO Exiting BibleApp.Controllers.HomeController.Index (BibleApp)
2023-10-16 16:52:11.0321 INFO Entering Milestone.Controllers.LoginController.Index (BibleApp)
2023-10-16 16:52:11.0321 INFO Exiting Milestone.Controllers.LoginController.Index (BibleApp)
2023-10-16 16:52:17.4691 INFO Entering Milestone.Controllers.RegisterController.Index (BibleApp)
2023-10-16 16:52:17.4691 INFO Exiting Milestone.Controllers.RegisterController.Index (BibleApp)
2023-10-16 16:55:38.7997 INFO Entering BibleApp.Controllers.HomeController.Index (BibleApp)
2023-10-16 16:55:38.8621 INFO Exiting BibleApp.Controllers.HomeController.Index (BibleApp)
2023-10-16 16:56:11.1482 INFO Entering BibleApp.Controllers.BibleController.VerseOfTheDay (BibleApp)
2023-10-16 16:56:11.5579 INFO Exiting BibleApp.Controllers.BibleController.VerseOfTheDay (BibleApp)
2023-10-16 16:56:26.8479 INFO Entering BibleApp.Controllers.BibleController.SearchForm (BibleApp)
2023-10-16 16:56:26.8479 INFO Exiting BibleApp.Controllers.BibleController.SearchForm (BibleApp)
2023-10-16 16:56:29.6208 INFO Entering BibleApp.Controllers.BibleController.SearchResults (BibleApp)
2023-10-16 16:56:46.4533 INFO Entering BibleApp.Controllers.HomeController.Index (BibleApp)
2023-10-16 16:56:46.5157 INFO Exiting BibleApp.Controllers.HomeController.Index (BibleApp)
2023-10-16 16:56:48.6737 INFO Entering Milestone.Controllers.LoginController.Index (BibleApp)
2023-10-16 16:56:48.6737 INFO Exiting Milestone.Controllers.LoginController.Index (BibleApp)
2023-10-16 16:56:54.2700 INFO Entering Milestone.Controllers.LoginController.ProcessLogin (BibleApp)
2023-10-16 16:56:54.6512 INFO Login Success
2023-10-16 16:56:54.6512 INFO Exiting Milestone.Controllers.LoginController.ProcessLogin (BibleApp)
2023-10-16 16:56:58.7151 INFO Entering BibleApp.Controllers.BibleController.SearchForm (BibleApp)
2023-10-16 16:56:58.7151 INFO Exiting BibleApp.Controllers.BibleController.SearchForm (BibleApp)
2023-10-16 16:57:01.5044 INFO Entering BibleApp.Controllers.BibleController.SearchResults (BibleApp)
2023-10-16 16:57:01.8797 INFO Exiting BibleApp.Controllers.BibleController.SearchResults (BibleApp)
2023-10-16 17:39:54.4649 INFO Entering BibleApp.Controllers.HomeController.Index (BibleApp)
2023-10-16 17:39:54.5240 INFO Exiting BibleApp.Controllers.HomeController.Index (BibleApp)
2023-10-16 17:39:56.6639 INFO Entering BibleApp.Controllers.BibleController.SearchForm (BibleApp)
2023-10-16 17:39:56.6639 INFO Exiting BibleApp.Controllers.BibleController.SearchForm (BibleApp)
2023-10-16 17:39:59.3410 INFO Entering BibleApp.Controllers.BibleController.FavoritesForm (BibleApp)
2023-10-16 17:40:01.0481 INFO Exiting BibleApp.Controllers.BibleController.FavoritesForm (BibleApp)
2023-10-16 17:41:08.5876 INFO Entering BibleApp.Controllers.HomeController.Index (BibleApp)
2023-10-16 17:41:08.6497 INFO Exiting BibleApp.Controllers.HomeController.Index (BibleApp)
2023-10-16 17:41:10.4378 INFO Entering Milestone.Controllers.LoginController.Index (BibleApp)
2023-10-16 17:41:10.4378 INFO Exiting Milestone.Controllers.LoginController.Index (BibleApp)
2023-10-16 17:41:24.3336 INFO Entering BibleApp.Controllers.HomeController.Index (BibleApp)
2023-10-16 17:41:24.3964 INFO Exiting BibleApp.Controllers.HomeController.Index (BibleApp)
2023-10-16 17:41:26.5871 INFO Entering Milestone.Controllers.RegisterController.Index (BibleApp)
2023-10-16 17:41:26.5871 INFO Exiting Milestone.Controllers.RegisterController.Index (BibleApp)
2023-10-16 17:41:27.8305 INFO Entering Milestone.Controllers.LoginController.Index (BibleApp)
2023-10-16 17:41:27.8305 INFO Exiting Milestone.Controllers.LoginController.Index (BibleApp)
2023-10-16 17:41:29.2610 INFO Entering BibleApp.Controllers.BibleController.SearchForm (BibleApp)
2023-10-16 17:41:29.2610 INFO Exiting BibleApp.Controllers.BibleController.SearchForm (BibleApp)
2023-10-16 17:41:31.3744 INFO Entering BibleApp.Controllers.BibleController.FavoritesForm (BibleApp)
2023-10-16 17:41:31.8184 INFO Exiting BibleApp.Controllers.BibleController.FavoritesForm (BibleApp)
2023-10-16 17:41:33.1247 INFO Entering BibleApp.Controllers.BibleController.VerseOfTheDay (BibleApp)
2023-10-16 17:41:33.1576 INFO Exiting BibleApp.Controllers.BibleController.VerseOfTheDay (BibleApp)
2023-10-16 17:41:35.2437 INFO Entering BibleApp.Controllers.HomeController.Index (BibleApp)
2023-10-16 17:41:35.2437 INFO Exiting BibleApp.Controllers.HomeController.Index (BibleApp)
2023-10-16 17:43:45.7277 INFO Entering BibleApp.Controllers.HomeController.Index (BibleApp)
2023-10-16 17:43:45.7900 INFO Exiting BibleApp.Controllers.HomeController.Index (BibleApp)
2023-10-16 17:43:48.2479 INFO Entering BibleApp.Controllers.BibleController.SearchForm (BibleApp)
2023-10-16 17:43:48.2479 INFO Exiting BibleApp.Controllers.BibleController.SearchForm (BibleApp)
2023-10-16 17:43:50.4652 INFO Entering BibleApp.Controllers.BibleController.VerseOfTheDay (BibleApp)
2023-10-16 17:43:50.8766 INFO Exiting BibleApp.Controllers.BibleController.VerseOfTheDay (BibleApp)
2023-10-16 17:43:53.9722 INFO Entering Milestone.Controllers.RegisterController.Index (BibleApp)
2023-10-16 17:43:53.9722 INFO Exiting Milestone.Controllers.RegisterController.Index (BibleApp)
2023-10-16 17:43:54.9473 INFO Entering Milestone.Controllers.LoginController.Index (BibleApp)
2023-10-16 17:43:54.9473 INFO Exiting Milestone.Controllers.LoginController.Index (BibleApp)
2023-10-16 17:45:10.7211 INFO Entering BibleApp.Controllers.HomeController.Index (BibleApp)
2023-10-16 17:45:10.7893 INFO Exiting BibleApp.Controllers.HomeController.Index (BibleApp)
2023-10-16 17:45:13.4424 INFO Entering Milestone.Controllers.LoginController.Index (BibleApp)
2023-10-16 17:45:13.4424 INFO Exiting Milestone.Controllers.LoginController.Index (BibleApp)
2023-10-16 17:45:49.0820 INFO Entering BibleApp.Controllers.HomeController.Index (BibleApp)
2023-10-16 17:45:49.1450 INFO Exiting BibleApp.Controllers.HomeController.Index (BibleApp)
2023-10-16 17:45:54.3585 INFO Entering Milestone.Controllers.LoginController.Index (BibleApp)
2023-10-16 17:45:54.3585 INFO Exiting Milestone.Controllers.LoginController.Index (BibleApp)
2023-10-16 17:45:57.6137 INFO Entering Milestone.Controllers.RegisterController.Index (BibleApp)
2023-10-16 17:45:57.6137 INFO Exiting Milestone.Controllers.RegisterController.Index (BibleApp)
2023-10-16 17:46:02.2664 INFO Entering Milestone.Controllers.LoginController.Index (BibleApp)
2023-10-16 17:46:02.2664 INFO Exiting Milestone.Controllers.LoginController.Index (BibleApp)
2023-10-16 17:46:23.0096 INFO Entering BibleApp.Controllers.HomeController.Index (BibleApp)
2023-10-16 17:46:23.0723 INFO Exiting BibleApp.Controllers.HomeController.Index (BibleApp)
2023-10-16 17:47:11.2427 INFO Entering Milestone.Controllers.LoginController.Index (BibleApp)
2023-10-16 17:47:11.2427 INFO Exiting Milestone.Controllers.LoginController.Index (BibleApp)
2023-10-16 17:48:41.5083 INFO Entering BibleApp.Controllers.HomeController.Index (BibleApp)
2023-10-16 17:48:41.5693 INFO Exiting BibleApp.Controllers.HomeController.Index (BibleApp)
2023-10-16 17:48:46.1339 INFO Entering Milestone.Controllers.LoginController.Index (BibleApp)
2023-10-16 17:48:46.1339 INFO Exiting Milestone.Controllers.LoginController.Index (BibleApp)
2023-10-16 17:49:06.1623 INFO Entering BibleApp.Controllers.HomeController.Index (BibleApp)
2023-10-16 17:49:06.2243 INFO Exiting BibleApp.Controllers.HomeController.Index (BibleApp)
2023-10-16 17:53:14.9651 INFO Entering BibleApp.Controllers.HomeController.Index (BibleApp)
2023-10-16 17:53:15.0279 INFO Exiting BibleApp.Controllers.HomeController.Index (BibleApp)
2023-10-16 17:53:17.9833 INFO Entering Milestone.Controllers.LoginController.Index (BibleApp)
2023-10-16 17:53:17.9833 INFO Exiting Milestone.Controllers.LoginController.Index (BibleApp)
2023-10-16 17:54:00.1783 INFO Entering BibleApp.Controllers.HomeController.Index (BibleApp)
2023-10-16 17:54:00.2388 INFO Exiting BibleApp.Controllers.HomeController.Index (BibleApp)
2023-10-16 17:54:02.6582 INFO Entering Milestone.Controllers.LoginController.Index (BibleApp)
2023-10-16 17:54:02.6582 INFO Exiting Milestone.Controllers.LoginController.Index (BibleApp)
2023-10-16 17:54:19.7524 INFO Entering Milestone.Controllers.RegisterController.Index (BibleApp)
2023-10-16 17:54:19.7524 INFO Exiting Milestone.Controllers.RegisterController.Index (BibleApp)
2023-10-16 17:54:59.9139 INFO Entering BibleApp.Controllers.HomeController.Index (BibleApp)
2023-10-16 17:54:59.9773 INFO Exiting BibleApp.Controllers.HomeController.Index (BibleApp)
2023-10-16 17:55:01.1790 INFO Entering Milestone.Controllers.LoginController.Index (BibleApp)
2023-10-16 17:55:01.1790 INFO Exiting Milestone.Controllers.LoginController.Index (BibleApp)
2023-10-16 17:55:04.6381 INFO Entering Milestone.Controllers.LoginController.ProcessLogin (BibleApp)
2023-10-16 17:55:06.0691 INFO Login Failure
2023-10-16 17:55:06.0691 INFO Exiting Milestone.Controllers.LoginController.ProcessLogin (BibleApp)
2023-10-16 17:55:57.7715 INFO Entering BibleApp.Controllers.HomeController.Index (BibleApp)
2023-10-16 17:55:57.8352 INFO Exiting BibleApp.Controllers.HomeController.Index (BibleApp)
2023-10-16 17:56:04.4182 INFO Entering Milestone.Controllers.RegisterController.Index (BibleApp)
2023-10-16 17:56:04.4182 INFO Exiting Milestone.Controllers.RegisterController.Index (BibleApp)
2023-10-16 17:56:50.6391 INFO Entering BibleApp.Controllers.HomeController.Index (BibleApp)
2023-10-16 17:56:50.7022 INFO Exiting BibleApp.Controllers.HomeController.Index (BibleApp)
2023-10-16 17:56:53.1665 INFO Entering Milestone.Controllers.RegisterController.Index (BibleApp)
2023-10-16 17:56:53.1665 INFO Exiting Milestone.Controllers.RegisterController.Index (BibleApp)
2023-10-16 17:57:36.8124 INFO Entering BibleApp.Controllers.HomeController.Index (BibleApp)
2023-10-16 17:57:36.8733 INFO Exiting BibleApp.Controllers.HomeController.Index (BibleApp)
2023-10-16 17:57:41.6669 INFO Entering Milestone.Controllers.RegisterController.Index (BibleApp)
2023-10-16 17:57:41.6669 INFO Exiting Milestone.Controllers.RegisterController.Index (BibleApp)
2023-10-16 17:57:56.9872 INFO Entering BibleApp.Controllers.HomeController.Index (BibleApp)
2023-10-16 17:57:57.0502 INFO Exiting BibleApp.Controllers.HomeController.Index (BibleApp)
2023-10-16 17:57:58.9236 INFO Entering Milestone.Controllers.RegisterController.Index (BibleApp)
2023-10-16 17:57:58.9236 INFO Exiting Milestone.Controllers.RegisterController.Index (BibleApp)
2023-10-16 17:59:06.5681 INFO Entering BibleApp.Controllers.HomeController.Index (BibleApp)
2023-10-16 17:59:06.6313 INFO Exiting BibleApp.Controllers.HomeController.Index (BibleApp)
2023-10-16 17:59:09.0045 INFO Entering Milestone.Controllers.LoginController.Index (BibleApp)
2023-10-16 17:59:09.0045 INFO Exiting Milestone.Controllers.LoginController.Index (BibleApp)
2023-10-16 17:59:11.5177 INFO Entering Milestone.Controllers.LoginController.Index (BibleApp)
2023-10-16 17:59:11.5177 INFO Exiting Milestone.Controllers.LoginController.Index (BibleApp)
2023-10-16 17:59:16.5783 INFO Entering Milestone.Controllers.LoginController.ProcessLogin (BibleApp)
2023-10-16 17:59:16.9565 INFO Login Success
2023-10-16 17:59:16.9565 INFO Exiting Milestone.Controllers.LoginController.ProcessLogin (BibleApp)
2023-10-16 17:59:21.0661 INFO Entering BibleApp.Controllers.BibleController.SearchForm (BibleApp)
2023-10-16 17:59:21.0661 INFO Exiting BibleApp.Controllers.BibleController.SearchForm (BibleApp)
2023-10-16 17:59:23.6854 INFO Entering BibleApp.Controllers.BibleController.FavoritesForm (BibleApp)
2023-10-16 17:59:23.7688 INFO Exiting BibleApp.Controllers.BibleController.FavoritesForm (BibleApp)
2023-10-16 17:59:30.8534 INFO Entering BibleApp.Controllers.BibleController.VerseOfTheDay (BibleApp)
2023-10-16 17:59:30.8882 INFO Exiting BibleApp.Controllers.BibleController.VerseOfTheDay (BibleApp)
2023-10-16 17:59:33.5006 INFO Entering BibleApp.Controllers.BibleController.SearchForm (BibleApp)
2023-10-16 17:59:33.5006 INFO Exiting BibleApp.Controllers.BibleController.SearchForm (BibleApp)
2023-10-16 17:59:35.3423 INFO Entering BibleApp.Controllers.BibleController.FavoritesForm (BibleApp)
2023-10-16 17:59:35.3423 INFO Exiting BibleApp.Controllers.BibleController.FavoritesForm (BibleApp)
2023-10-16 18:00:52.3408 INFO Entering BibleApp.Controllers.HomeController.Index (BibleApp)
2023-10-16 18:00:52.4049 INFO Exiting BibleApp.Controllers.HomeController.Index (BibleApp)
2023-10-16 18:01:53.2883 INFO Entering BibleApp.Controllers.HomeController.Index (BibleApp)
2023-10-16 18:01:53.3521 INFO Exiting BibleApp.Controllers.HomeController.Index (BibleApp)
2023-10-16 18:02:04.7188 INFO Entering Milestone.Controllers.LoginController.Index (BibleApp)
2023-10-16 18:02:04.7188 INFO Exiting Milestone.Controllers.LoginController.Index (BibleApp)
