2023-10-28 18:40:29.5619 INFO Entering BibleApp.Controllers.HomeController.Index (BibleApp)
2023-10-28 18:40:29.6202 INFO Exiting BibleApp.Controllers.HomeController.Index (BibleApp)
2023-10-28 18:40:33.4847 INFO Entering Milestone.Controllers.RegisterController.Index (BibleApp)
2023-10-28 18:40:33.4852 INFO Exiting Milestone.Controllers.RegisterController.Index (BibleApp)
2023-10-28 18:40:44.7921 INFO Entering Milestone.Controllers.RegisterController.ProcessRegister (BibleApp)
2023-10-28 18:40:45.2573 INFO Registration Success
2023-10-28 18:40:45.2573 INFO Exiting Milestone.Controllers.RegisterController.ProcessRegister (BibleApp)
2023-10-28 18:41:27.5122 INFO Entering Milestone.Controllers.LoginController.Index (BibleApp)
2023-10-28 18:41:27.5122 INFO Exiting Milestone.Controllers.LoginController.Index (BibleApp)
2023-10-28 18:41:36.2567 INFO Entering Milestone.Controllers.LoginController.ProcessLogin (BibleApp)
2023-10-28 18:41:36.2951 INFO Login Success
2023-10-28 18:41:36.2951 INFO Exiting Milestone.Controllers.LoginController.ProcessLogin (BibleApp)
2023-10-28 18:41:39.2061 INFO Entering BibleApp.Controllers.BibleController.SearchForm (BibleApp)
2023-10-28 18:41:39.2061 INFO Exiting BibleApp.Controllers.BibleController.SearchForm (BibleApp)
2023-10-28 18:41:42.4512 INFO Entering BibleApp.Controllers.BibleController.SearchResults (BibleApp)
2023-10-28 18:42:49.9035 INFO Exiting BibleApp.Controllers.BibleController.SearchResults (BibleApp)
2023-10-28 18:44:02.2434 INFO Entering BibleApp.Controllers.HomeController.Index (BibleApp)
2023-10-28 18:44:02.3044 INFO Exiting BibleApp.Controllers.HomeController.Index (BibleApp)
2023-10-28 18:44:04.5248 INFO Entering Milestone.Controllers.RegisterController.Index (BibleApp)
2023-10-28 18:44:04.5248 INFO Exiting Milestone.Controllers.RegisterController.Index (BibleApp)
2023-10-28 18:44:16.7577 INFO Entering Milestone.Controllers.RegisterController.ProcessRegister (BibleApp)
2023-10-28 18:47:41.8245 INFO Entering BibleApp.Controllers.HomeController.Index (BibleApp)
2023-10-28 18:47:41.8879 INFO Exiting BibleApp.Controllers.HomeController.Index (BibleApp)
2023-10-28 18:47:45.0609 INFO Entering Milestone.Controllers.LoginController.Index (BibleApp)
2023-10-28 18:47:45.0609 INFO Exiting Milestone.Controllers.LoginController.Index (BibleApp)
2023-10-28 18:47:46.1991 INFO Entering Milestone.Controllers.RegisterController.Index (BibleApp)
2023-10-28 18:47:46.1991 INFO Exiting Milestone.Controllers.RegisterController.Index (BibleApp)
2023-10-28 18:47:56.4835 INFO Entering Milestone.Controllers.RegisterController.ProcessRegister (BibleApp)
2023-10-28 18:56:37.0413 INFO Entering BibleApp.Controllers.HomeController.Index (BibleApp)
2023-10-28 18:56:37.1045 INFO Exiting BibleApp.Controllers.HomeController.Index (BibleApp)
2023-10-28 18:56:44.0986 INFO Entering Milestone.Controllers.RegisterController.Index (BibleApp)
2023-10-28 18:56:44.0986 INFO Exiting Milestone.Controllers.RegisterController.Index (BibleApp)
2023-10-28 18:56:54.3143 INFO Entering Milestone.Controllers.RegisterController.ProcessRegister (BibleApp)
2023-10-28 18:58:55.7394 INFO Registration Failed
2023-10-28 18:58:55.7394 INFO Exiting Milestone.Controllers.RegisterController.ProcessRegister (BibleApp)
2023-10-28 18:59:07.4168 INFO Entering BibleApp.Controllers.HomeController.Index (BibleApp)
2023-10-28 18:59:07.4817 INFO Exiting BibleApp.Controllers.HomeController.Index (BibleApp)
2023-10-28 18:59:08.9335 INFO Entering Milestone.Controllers.RegisterController.Index (BibleApp)
2023-10-28 18:59:08.9335 INFO Exiting Milestone.Controllers.RegisterController.Index (BibleApp)
2023-10-28 18:59:19.9544 INFO Entering Milestone.Controllers.RegisterController.ProcessRegister (BibleApp)
2023-10-28 19:01:57.9774 INFO Entering BibleApp.Controllers.HomeController.Index (BibleApp)
2023-10-28 19:01:58.0396 INFO Exiting BibleApp.Controllers.HomeController.Index (BibleApp)
2023-10-28 19:02:02.7554 INFO Entering Milestone.Controllers.RegisterController.Index (BibleApp)
2023-10-28 19:02:02.7554 INFO Exiting Milestone.Controllers.RegisterController.Index (BibleApp)
2023-10-28 19:02:13.7941 INFO Entering Milestone.Controllers.RegisterController.ProcessRegister (BibleApp)
2023-10-28 19:02:47.5529 INFO Entering BibleApp.Controllers.HomeController.Index (BibleApp)
2023-10-28 19:02:47.6184 INFO Exiting BibleApp.Controllers.HomeController.Index (BibleApp)
2023-10-28 19:02:49.6697 INFO Entering Milestone.Controllers.RegisterController.Index (BibleApp)
2023-10-28 19:02:49.6697 INFO Exiting Milestone.Controllers.RegisterController.Index (BibleApp)
2023-10-28 19:03:03.9200 INFO Entering Milestone.Controllers.RegisterController.ProcessRegister (BibleApp)
2023-10-28 19:03:46.8213 INFO Entering BibleApp.Controllers.HomeController.Index (BibleApp)
2023-10-28 19:03:46.8843 INFO Exiting BibleApp.Controllers.HomeController.Index (BibleApp)
2023-10-28 19:03:55.5551 INFO Entering Milestone.Controllers.RegisterController.Index (BibleApp)
2023-10-28 19:03:55.5551 INFO Exiting Milestone.Controllers.RegisterController.Index (BibleApp)
2023-10-28 19:04:06.3142 INFO Entering Milestone.Controllers.RegisterController.ProcessRegister (BibleApp)
2023-10-28 19:04:26.5658 INFO Exiting Milestone.Controllers.RegisterController.ProcessRegister (BibleApp)
2023-10-28 19:24:44.5049 INFO Entering BibleApp.Controllers.HomeController.Index (BibleApp)
2023-10-28 19:24:44.5694 INFO Exiting BibleApp.Controllers.HomeController.Index (BibleApp)
2023-10-28 19:24:46.2063 INFO Entering Milestone.Controllers.RegisterController.Index (BibleApp)
2023-10-28 19:24:46.2063 INFO Exiting Milestone.Controllers.RegisterController.Index (BibleApp)
2023-10-28 19:24:55.4801 INFO Entering Milestone.Controllers.RegisterController.ProcessRegister (BibleApp)
2023-10-28 19:29:03.4751 INFO Entering BibleApp.Controllers.HomeController.Index (BibleApp)
2023-10-28 19:29:03.5388 INFO Exiting BibleApp.Controllers.HomeController.Index (BibleApp)
2023-10-28 19:29:06.1352 INFO Entering Milestone.Controllers.RegisterController.Index (BibleApp)
2023-10-28 19:29:06.1352 INFO Exiting Milestone.Controllers.RegisterController.Index (BibleApp)
2023-10-28 19:29:17.3329 INFO Entering Milestone.Controllers.RegisterController.ProcessRegister (BibleApp)
2023-10-28 20:15:32.2439 INFO Entering BibleApp.Controllers.HomeController.Index (BibleApp)
2023-10-28 20:15:32.3078 INFO Exiting BibleApp.Controllers.HomeController.Index (BibleApp)
2023-10-28 20:15:34.4556 INFO Entering Milestone.Controllers.LoginController.Index (BibleApp)
2023-10-28 20:15:34.4556 INFO Exiting Milestone.Controllers.LoginController.Index (BibleApp)
2023-10-28 20:15:39.3966 INFO Entering Milestone.Controllers.LoginController.ProcessLogin (BibleApp)
2023-10-28 20:15:40.2036 INFO Login Success
2023-10-28 20:15:40.2036 INFO Exiting Milestone.Controllers.LoginController.ProcessLogin (BibleApp)
2023-10-28 20:15:44.9558 INFO Entering BibleApp.Controllers.BibleController.SearchForm (BibleApp)
2023-10-28 20:15:44.9558 INFO Exiting BibleApp.Controllers.BibleController.SearchForm (BibleApp)
2023-10-28 20:15:48.2216 INFO Entering BibleApp.Controllers.BibleController.SearchResults (BibleApp)
2023-10-28 20:15:48.4483 INFO Exiting BibleApp.Controllers.BibleController.SearchResults (BibleApp)
2023-10-28 20:15:55.7375 INFO Entering BibleApp.Controllers.BibleController.VerseOfTheDay (BibleApp)
2023-10-28 20:15:55.8313 INFO Exiting BibleApp.Controllers.BibleController.VerseOfTheDay (BibleApp)
2023-10-28 20:15:57.3317 INFO Entering BibleApp.Controllers.BibleController.FavoritesForm (BibleApp)
2023-10-28 20:15:57.4079 INFO Exiting BibleApp.Controllers.BibleController.FavoritesForm (BibleApp)
2023-10-28 20:16:18.1550 INFO Entering BibleApp.Controllers.HomeController.Index (BibleApp)
2023-10-28 20:16:18.2193 INFO Exiting BibleApp.Controllers.HomeController.Index (BibleApp)
2023-10-28 20:16:20.2115 INFO Entering Milestone.Controllers.RegisterController.Index (BibleApp)
2023-10-28 20:16:20.2115 INFO Exiting Milestone.Controllers.RegisterController.Index (BibleApp)
2023-10-28 20:16:33.0872 INFO Entering Milestone.Controllers.RegisterController.ProcessRegister (BibleApp)
2023-10-28 20:16:36.3630 INFO Registration Success
2023-10-28 20:16:36.3630 INFO Exiting Milestone.Controllers.RegisterController.ProcessRegister (BibleApp)
2023-10-28 20:17:11.7199 INFO Entering BibleApp.Controllers.HomeController.Index (BibleApp)
2023-10-28 20:17:11.7832 INFO Exiting BibleApp.Controllers.HomeController.Index (BibleApp)
2023-10-28 20:17:33.4756 INFO Entering Milestone.Controllers.LoginController.Index (BibleApp)
2023-10-28 20:17:33.4756 INFO Exiting Milestone.Controllers.LoginController.Index (BibleApp)
2023-10-28 20:17:38.7714 INFO Entering Milestone.Controllers.LoginController.ProcessLogin (BibleApp)
2023-10-28 20:17:39.6160 INFO Login Success
2023-10-28 20:17:39.6160 INFO Exiting Milestone.Controllers.LoginController.ProcessLogin (BibleApp)
2023-10-28 20:17:43.1247 INFO Entering BibleApp.Controllers.BibleController.SearchForm (BibleApp)
2023-10-28 20:17:43.1247 INFO Exiting BibleApp.Controllers.BibleController.SearchForm (BibleApp)
2023-10-28 20:17:45.8648 INFO Entering BibleApp.Controllers.BibleController.SearchResults (BibleApp)
2023-10-28 20:21:08.8886 INFO Entering BibleApp.Controllers.HomeController.Index (BibleApp)
2023-10-28 20:21:08.9526 INFO Exiting BibleApp.Controllers.HomeController.Index (BibleApp)
2023-10-28 20:21:20.4257 INFO Entering Milestone.Controllers.LoginController.Index (BibleApp)
2023-10-28 20:21:20.4257 INFO Exiting Milestone.Controllers.LoginController.Index (BibleApp)
2023-10-28 20:21:25.7526 INFO Entering Milestone.Controllers.LoginController.ProcessLogin (BibleApp)
2023-10-28 20:21:26.5497 INFO Login Success
2023-10-28 20:21:26.5497 INFO Exiting Milestone.Controllers.LoginController.ProcessLogin (BibleApp)
2023-10-28 20:21:30.1162 INFO Entering BibleApp.Controllers.BibleController.SearchForm (BibleApp)
2023-10-28 20:21:30.1162 INFO Exiting BibleApp.Controllers.BibleController.SearchForm (BibleApp)
2023-10-28 20:21:33.0063 INFO Entering BibleApp.Controllers.BibleController.SearchResults (BibleApp)
2023-10-28 20:29:44.5401 INFO Entering BibleApp.Controllers.HomeController.Index (BibleApp)
2023-10-28 20:29:44.6025 INFO Exiting BibleApp.Controllers.HomeController.Index (BibleApp)
2023-10-28 20:29:46.6603 INFO Entering Milestone.Controllers.LoginController.Index (BibleApp)
2023-10-28 20:29:46.6603 INFO Exiting Milestone.Controllers.LoginController.Index (BibleApp)
2023-10-28 20:29:52.2665 INFO Entering Milestone.Controllers.LoginController.ProcessLogin (BibleApp)
2023-10-28 20:29:53.0936 INFO Login Success
2023-10-28 20:29:53.0936 INFO Exiting Milestone.Controllers.LoginController.ProcessLogin (BibleApp)
2023-10-28 20:29:55.9742 INFO Entering BibleApp.Controllers.BibleController.SearchForm (BibleApp)
2023-10-28 20:29:55.9742 INFO Exiting BibleApp.Controllers.BibleController.SearchForm (BibleApp)
2023-10-28 20:29:58.5417 INFO Entering BibleApp.Controllers.BibleController.SearchResults (BibleApp)
2023-10-28 20:30:00.7037 INFO Exiting BibleApp.Controllers.BibleController.SearchResults (BibleApp)
