2023-10-29 12:09:40.0435 INFO Entering BibleApp.Controllers.HomeController.Index (BibleApp)
2023-10-29 12:09:40.1080 INFO Exiting BibleApp.Controllers.HomeController.Index (BibleApp)
2023-10-29 12:10:27.3675 INFO Entering BibleApp.Controllers.HomeController.Index (BibleApp)
2023-10-29 12:10:27.4297 INFO Exiting BibleApp.Controllers.HomeController.Index (BibleApp)
2023-10-29 12:10:29.3622 INFO Entering Milestone.Controllers.LoginController.Index (BibleApp)
2023-10-29 12:10:29.3622 INFO Exiting Milestone.Controllers.LoginController.Index (BibleApp)
2023-10-29 12:10:36.3960 INFO Entering Milestone.Controllers.LoginController.ProcessLogin (BibleApp)
2023-10-29 12:10:37.1370 INFO Login Failure
2023-10-29 12:10:37.1370 INFO Exiting Milestone.Controllers.LoginController.ProcessLogin (BibleApp)
2023-10-29 12:10:42.0476 INFO Entering Milestone.Controllers.LoginController.Index (BibleApp)
2023-10-29 12:10:42.0476 INFO Exiting Milestone.Controllers.LoginController.Index (BibleApp)
2023-10-29 12:10:47.8460 INFO Entering Milestone.Controllers.LoginController.ProcessLogin (BibleApp)
2023-10-29 12:10:47.9437 INFO Login Failure
2023-10-29 12:10:47.9437 INFO Exiting Milestone.Controllers.LoginController.ProcessLogin (BibleApp)
2023-10-29 12:10:55.3039 INFO Entering Milestone.Controllers.LoginController.Index (BibleApp)
2023-10-29 12:10:55.3039 INFO Exiting Milestone.Controllers.LoginController.Index (BibleApp)
2023-10-29 12:11:00.7492 INFO Entering Milestone.Controllers.LoginController.ProcessLogin (BibleApp)
2023-10-29 12:11:00.9612 INFO Login Success
2023-10-29 12:11:00.9612 INFO Exiting Milestone.Controllers.LoginController.ProcessLogin (BibleApp)
2023-10-29 12:11:04.0512 INFO Entering BibleApp.Controllers.BibleController.SearchForm (BibleApp)
2023-10-29 12:11:04.0512 INFO Exiting BibleApp.Controllers.BibleController.SearchForm (BibleApp)
2023-10-29 12:11:07.1563 INFO Entering BibleApp.Controllers.BibleController.SearchResults (BibleApp)
2023-10-29 12:11:07.4057 INFO Exiting BibleApp.Controllers.BibleController.SearchResults (BibleApp)
2023-10-29 12:11:32.8687 INFO Entering BibleApp.Controllers.BibleController.FavoriteVerse (BibleApp)
2023-10-29 12:12:14.5553 INFO Entering BibleApp.Controllers.HomeController.Index (BibleApp)
2023-10-29 12:12:14.6155 INFO Exiting BibleApp.Controllers.HomeController.Index (BibleApp)
2023-10-29 12:12:24.9758 INFO Entering Milestone.Controllers.LoginController.Index (BibleApp)
2023-10-29 12:12:24.9758 INFO Exiting Milestone.Controllers.LoginController.Index (BibleApp)
2023-10-29 12:12:30.0382 INFO Entering Milestone.Controllers.LoginController.ProcessLogin (BibleApp)
2023-10-29 12:12:30.8264 INFO Login Success
2023-10-29 12:12:30.8264 INFO Exiting Milestone.Controllers.LoginController.ProcessLogin (BibleApp)
2023-10-29 12:12:34.7231 INFO Entering BibleApp.Controllers.BibleController.SearchForm (BibleApp)
2023-10-29 12:12:34.7231 INFO Exiting BibleApp.Controllers.BibleController.SearchForm (BibleApp)
2023-10-29 12:12:37.4267 INFO Entering BibleApp.Controllers.BibleController.SearchResults (BibleApp)
2023-10-29 12:12:37.6412 INFO Exiting BibleApp.Controllers.BibleController.SearchResults (BibleApp)
2023-10-29 12:13:03.3704 INFO Entering BibleApp.Controllers.BibleController.FavoriteVerse (BibleApp)
2023-10-29 12:16:23.0005 INFO Entering BibleApp.Controllers.HomeController.Index (BibleApp)
2023-10-29 12:16:23.0621 INFO Exiting BibleApp.Controllers.HomeController.Index (BibleApp)
2023-10-29 12:16:24.9596 INFO Entering Milestone.Controllers.LoginController.Index (BibleApp)
2023-10-29 12:16:24.9596 INFO Exiting Milestone.Controllers.LoginController.Index (BibleApp)
2023-10-29 12:16:30.6921 INFO Entering Milestone.Controllers.LoginController.ProcessLogin (BibleApp)
2023-10-29 12:20:14.3943 INFO Entering BibleApp.Controllers.HomeController.Index (BibleApp)
2023-10-29 12:20:14.4595 INFO Exiting BibleApp.Controllers.HomeController.Index (BibleApp)
2023-10-29 12:20:16.2310 INFO Entering Milestone.Controllers.LoginController.Index (BibleApp)
2023-10-29 12:20:16.2310 INFO Exiting Milestone.Controllers.LoginController.Index (BibleApp)
2023-10-29 12:20:20.8879 INFO Entering Milestone.Controllers.LoginController.ProcessLogin (BibleApp)
2023-10-29 12:20:26.1367 INFO Login Success
2023-10-29 12:20:26.1367 INFO Exiting Milestone.Controllers.LoginController.ProcessLogin (BibleApp)
2023-10-29 12:20:29.6855 INFO Entering BibleApp.Controllers.BibleController.SearchForm (BibleApp)
2023-10-29 12:20:29.6855 INFO Exiting BibleApp.Controllers.BibleController.SearchForm (BibleApp)
2023-10-29 12:20:32.2526 INFO Entering BibleApp.Controllers.BibleController.SearchResults (BibleApp)
2023-10-29 12:20:32.4853 INFO Exiting BibleApp.Controllers.BibleController.SearchResults (BibleApp)
2023-10-29 12:20:55.4934 INFO Entering BibleApp.Controllers.BibleController.FavoriteVerse (BibleApp)
2023-10-29 12:20:59.5133 INFO Exiting BibleApp.Controllers.BibleController.FavoriteVerse (BibleApp)
2023-10-29 12:21:07.7412 INFO Entering BibleApp.Controllers.BibleController.FavoriteVerse (BibleApp)
2023-10-29 12:21:08.1954 INFO Exiting BibleApp.Controllers.BibleController.FavoriteVerse (BibleApp)
2023-10-29 12:21:14.4435 INFO Entering BibleApp.Controllers.BibleController.FavoriteVerse (BibleApp)
2023-10-29 12:21:51.4822 INFO Entering BibleApp.Controllers.HomeController.Index (BibleApp)
2023-10-29 12:21:51.5448 INFO Exiting BibleApp.Controllers.HomeController.Index (BibleApp)
2023-10-29 12:21:53.1486 INFO Entering Milestone.Controllers.LoginController.Index (BibleApp)
2023-10-29 12:21:53.1486 INFO Exiting Milestone.Controllers.LoginController.Index (BibleApp)
2023-10-29 12:21:58.0887 INFO Entering Milestone.Controllers.LoginController.ProcessLogin (BibleApp)
2023-10-29 12:24:13.3376 INFO Entering BibleApp.Controllers.HomeController.Index (BibleApp)
2023-10-29 12:24:13.3986 INFO Exiting BibleApp.Controllers.HomeController.Index (BibleApp)
2023-10-29 12:24:22.2720 INFO Entering Milestone.Controllers.LoginController.Index (BibleApp)
2023-10-29 12:24:22.2720 INFO Exiting Milestone.Controllers.LoginController.Index (BibleApp)
2023-10-29 12:24:28.4378 INFO Entering Milestone.Controllers.LoginController.ProcessLogin (BibleApp)
2023-10-29 12:25:01.3924 INFO Login Success
2023-10-29 12:25:05.3850 INFO Exiting Milestone.Controllers.LoginController.ProcessLogin (BibleApp)
2023-10-29 12:25:09.9789 INFO Entering BibleApp.Controllers.BibleController.SearchForm (BibleApp)
2023-10-29 12:25:09.9789 INFO Exiting BibleApp.Controllers.BibleController.SearchForm (BibleApp)
2023-10-29 12:25:12.8644 INFO Entering BibleApp.Controllers.BibleController.SearchResults (BibleApp)
2023-10-29 12:25:13.0937 INFO Exiting BibleApp.Controllers.BibleController.SearchResults (BibleApp)
2023-10-29 12:25:37.9256 INFO Entering BibleApp.Controllers.BibleController.FavoriteVerse (BibleApp)
2023-10-29 12:26:54.8086 INFO Exiting BibleApp.Controllers.BibleController.FavoriteVerse (BibleApp)
2023-10-29 12:26:57.3997 INFO Entering Milestone.Controllers.LoginController.Index (BibleApp)
2023-10-29 12:26:57.3997 INFO Exiting Milestone.Controllers.LoginController.Index (BibleApp)
2023-10-29 12:27:06.4073 INFO Entering BibleApp.Controllers.HomeController.Index (BibleApp)
2023-10-29 12:27:06.4718 INFO Exiting BibleApp.Controllers.HomeController.Index (BibleApp)
2023-10-29 12:27:09.9551 INFO Entering Milestone.Controllers.LoginController.Index (BibleApp)
2023-10-29 12:27:09.9551 INFO Exiting Milestone.Controllers.LoginController.Index (BibleApp)
2023-10-29 12:27:15.6335 INFO Entering Milestone.Controllers.LoginController.ProcessLogin (BibleApp)
2023-10-29 12:27:19.2469 INFO Login Success
2023-10-29 12:27:19.2469 INFO Exiting Milestone.Controllers.LoginController.ProcessLogin (BibleApp)
2023-10-29 12:27:22.6585 INFO Entering BibleApp.Controllers.BibleController.SearchForm (BibleApp)
2023-10-29 12:27:22.6585 INFO Exiting BibleApp.Controllers.BibleController.SearchForm (BibleApp)
2023-10-29 12:27:26.3182 INFO Entering BibleApp.Controllers.BibleController.SearchResults (BibleApp)
2023-10-29 12:27:26.5614 INFO Exiting BibleApp.Controllers.BibleController.SearchResults (BibleApp)
2023-10-29 12:27:49.5034 INFO Entering BibleApp.Controllers.BibleController.FavoriteVerse (BibleApp)
2023-10-29 12:28:27.0787 INFO Exiting BibleApp.Controllers.BibleController.FavoriteVerse (BibleApp)
2023-10-29 12:28:51.9329 INFO Entering BibleApp.Controllers.BibleController.FavoritesForm (BibleApp)
2023-10-29 12:28:52.0015 INFO Exiting BibleApp.Controllers.BibleController.FavoritesForm (BibleApp)
2023-10-29 12:38:42.5693 INFO Entering BibleApp.Controllers.HomeController.Index (BibleApp)
2023-10-29 12:38:42.6322 INFO Exiting BibleApp.Controllers.HomeController.Index (BibleApp)
2023-10-29 12:38:45.6366 INFO Entering Milestone.Controllers.LoginController.Index (BibleApp)
2023-10-29 12:38:45.6366 INFO Exiting Milestone.Controllers.LoginController.Index (BibleApp)
2023-10-29 12:38:51.8072 INFO Entering Milestone.Controllers.LoginController.ProcessLogin (BibleApp)
2023-10-29 12:39:06.8494 INFO Login Success
2023-10-29 12:39:06.8494 INFO Exiting Milestone.Controllers.LoginController.ProcessLogin (BibleApp)
2023-10-29 12:39:10.0766 INFO Entering BibleApp.Controllers.BibleController.VerseOfTheDay (BibleApp)
2023-10-29 12:41:05.0455 INFO Entering BibleApp.Controllers.HomeController.Index (BibleApp)
2023-10-29 12:41:05.1087 INFO Exiting BibleApp.Controllers.HomeController.Index (BibleApp)
2023-10-29 12:41:06.7891 INFO Entering Milestone.Controllers.LoginController.Index (BibleApp)
2023-10-29 12:41:06.7891 INFO Exiting Milestone.Controllers.LoginController.Index (BibleApp)
2023-10-29 12:41:12.8318 INFO Entering Milestone.Controllers.LoginController.ProcessLogin (BibleApp)
2023-10-29 12:41:13.6330 INFO Login Success
2023-10-29 12:41:13.6330 INFO Exiting Milestone.Controllers.LoginController.ProcessLogin (BibleApp)
2023-10-29 12:41:16.1751 INFO Entering BibleApp.Controllers.BibleController.VerseOfTheDay (BibleApp)
2023-10-29 12:41:18.5164 INFO Exiting BibleApp.Controllers.BibleController.VerseOfTheDay (BibleApp)
